<?xml version="1.0" encoding="utf-8"?>
<coverage line-rate="0.5" branch-rate="1" version="1.9" timestamp="1648025716" lines-covered="3" lines-valid="6" branches-covered="0" branches-valid="0">
  <sources>
    <source>D:\dotnetTest\ConsoleApp1\</source>
  </sources>
  <packages>
    <package name="ConsoleApp1" line-rate="0.5" branch-rate="1" complexity="2">
      <classes>
        <class name="ConsoleApp1.Arithmetics" filename="Arithmetics.cs" line-rate="1" branch-rate="1" complexity="1">
          <methods>
            <method name="AddTwoNums" signature="(System.Int32,System.Int32)" line-rate="1" branch-rate="1" complexity="1">
              <lines>
                <line number="12" hits="1" branch="False" />
                <line number="13" hits="1" branch="False" />
                <line number="14" hits="1" branch="False" />
              </lines>
            </method>
          </methods>
          <lines>
            <line number="12" hits="1" branch="False" />
            <line number="13" hits="1" branch="False" />
            <line number="14" hits="1" branch="False" />
          </lines>
        </class>
        <class name="ConsoleApp1.Program" filename="Program.cs" line-rate="0" branch-rate="1" complexity="1">
          <methods>
            <method name="Main" signature="(System.String[])" line-rate="0" branch-rate="1" complexity="1">
              <lines>
                <line number="8" hits="0" branch="False" />
                <line number="9" hits="0" branch="False" />
                <line number="10" hits="0" branch="False" />
              </lines>
            </method>
          </methods>
          <lines>
            <line number="8" hits="0" branch="False" />
            <line number="9" hits="0" branch="False" />
            <line number="10" hits="0" branch="False" />
          </lines>
        </class>
      </classes>
    </package>
  </packages>
</coverage>